<?xml version="1.0" encoding="UTF-8"?>
<testsuite xmlns:xsi="http://www.w3.org/2001/XMLSchema-instance" xsi:noNamespaceSchemaLocation="https://maven.apache.org/surefire/maven-surefire-plugin/xsd/surefire-test-report.xsd" name="com.imt.mines.BankAccountTest" time="0" tests="5" errors="0" skipped="0" failures="0">
  <properties>
[...]
</properties>
  <testcase name="GetBalance" classname="com.imt.mines.BankAccountTest" time="0"/>
  <testcase name="WithdrawTooMuchMoney" classname="com.imt.mines.BankAccountTest" time="0"/>
  <testcase name="DespositTest" classname="com.imt.mines.BankAccountTest" time="0"/>
  <testcase name="GetInitMoney" classname="com.imt.mines.BankAccountTest" time="0"/>
  <testcase name="DepositNegativeTest" classname="com.imt.mines.BankAccountTest" time="0"/>
</testsuite>